2021-07-01 03:04:03 [background-preinit] INFO  o.h.validator.internal.util.Version -
				HV000001: Hibernate Validator 6.2.0.Final
2021-07-01 03:04:03 [main] INFO  com.api1.Api1Application -
				Starting Api1Application using Java 15.0.2 on LAPTOP-CHS72T9T with PID 12580 (C:\Users\Mridula\Desktop\api1\target\classes started by Mridula in C:\Users\Mridula\Desktop\api1)
2021-07-01 03:04:03 [main] INFO  com.api1.Api1Application -
				No active profile set, falling back to default profiles: default
2021-07-01 03:04:06 [main] INFO  o.s.b.w.e.tomcat.TomcatWebServer -
				Tomcat initialized with port(s): 8081 (http)
2021-07-01 03:04:06 [main] INFO  o.a.coyote.http11.Http11NioProtocol -
				Initializing ProtocolHandler ["http-nio-8081"]
2021-07-01 03:04:06 [main] INFO  o.a.catalina.core.StandardService -
				Starting service [Tomcat]
2021-07-01 03:04:06 [main] INFO  o.a.catalina.core.StandardEngine -
				Starting Servlet engine: [Apache Tomcat/9.0.46]
2021-07-01 03:04:06 [main] INFO  o.a.c.c.C.[Tomcat].[localhost].[/] -
				Initializing Spring embedded WebApplicationContext
2021-07-01 03:04:06 [main] INFO  o.s.b.w.s.c.ServletWebServerApplicationContext -
				Root WebApplicationContext: initialization completed in 2189 ms
2021-07-01 03:04:07 [main] INFO  s.d.s.w.PropertySourcedRequestMappingHandlerMapping -
				Mapped URL path [/v2/api-docs] onto method [springfox.documentation.swagger2.web.Swagger2Controller#getDocumentation(String, HttpServletRequest)]
2021-07-01 03:04:07 [main] INFO  o.a.coyote.http11.Http11NioProtocol -
				Starting ProtocolHandler ["http-nio-8081"]
2021-07-01 03:04:07 [main] INFO  o.s.b.w.e.tomcat.TomcatWebServer -
				Tomcat started on port(s): 8081 (http) with context path ''
2021-07-01 03:04:07 [main] INFO  s.d.s.w.p.DocumentationPluginsBootstrapper -
				Context refreshed
2021-07-01 03:04:08 [main] INFO  s.d.s.w.p.DocumentationPluginsBootstrapper -
				Found 1 custom documentation plugin(s)
2021-07-01 03:04:08 [main] INFO  s.d.s.w.s.ApiListingReferenceScanner -
				Scanning for api listing references
2021-07-01 03:04:08 [main] INFO  com.api1.Api1Application -
				Started Api1Application in 4.94 seconds (JVM running for 5.956)
2021-07-01 03:05:22 [http-nio-8081-exec-1] INFO  o.a.c.c.C.[Tomcat].[localhost].[/] -
				Initializing Spring DispatcherServlet 'dispatcherServlet'
2021-07-01 03:05:22 [http-nio-8081-exec-1] INFO  o.s.web.servlet.DispatcherServlet -
				Initializing Servlet 'dispatcherServlet'
2021-07-01 03:05:22 [http-nio-8081-exec-1] INFO  o.s.web.servlet.DispatcherServlet -
				Completed initialization in 6 ms
2021-07-01 03:05:22 [http-nio-8081-exec-1] INFO  com.api1.service.ProductServiceImpl -
				Called getProductById service
2021-07-01 03:05:24 [http-nio-8081-exec-1] INFO  com.api1.service.ProductServiceImpl -
				Product was found
2021-07-01 03:05:24 [http-nio-8081-exec-1] INFO  com.api1.service.ProductServiceImpl -
				Exited getProductById service
2021-07-01 03:07:19 [http-nio-8081-exec-5] INFO  com.api1.service.ProductServiceImpl -
				Called addProduct Service
2021-07-01 03:07:20 [http-nio-8081-exec-5] INFO  com.api1.service.ProductServiceImpl -
				Throwed Product Already Present Exception
2021-07-01 03:08:27 [http-nio-8081-exec-7] INFO  com.api1.service.ProductServiceImpl -
				Called deleteProduct service
2021-07-01 03:08:27 [http-nio-8081-exec-7] INFO  com.api1.service.ProductServiceImpl -
				Throwed Product Not Deleted Exception
2021-07-01 03:09:55 [http-nio-8081-exec-2] INFO  com.api1.service.ProductServiceImpl -
				Called updateProductService
2021-07-01 03:09:56 [http-nio-8081-exec-2] INFO  com.api1.service.ProductServiceImpl -
				Throwed Product Not Found Exception
2021-07-01 03:10:33 [http-nio-8081-exec-1] INFO  com.api1.service.ProductServiceImpl -
				Called getProductById service
2021-07-01 03:10:33 [http-nio-8081-exec-1] INFO  com.api1.service.ProductServiceImpl -
				Product was found
2021-07-01 03:10:33 [http-nio-8081-exec-1] INFO  com.api1.service.ProductServiceImpl -
				Exited getProductById service
2021-07-01 03:13:58 [http-nio-8081-exec-5] INFO  com.api1.service.ProductServiceImpl -
				Called getProductById service
2021-07-01 03:13:58 [http-nio-8081-exec-5] INFO  com.api1.service.ProductServiceImpl -
				Product was found
2021-07-01 03:13:58 [http-nio-8081-exec-5] INFO  com.api1.service.ProductServiceImpl -
				Exited getProductById service
2021-07-01 03:14:22 [http-nio-8081-exec-6] INFO  com.api1.service.ProductServiceImpl -
				Called deleteProduct service
2021-07-01 03:14:22 [http-nio-8081-exec-6] INFO  com.api1.service.ProductServiceImpl -
				Throwed Product Not Deleted Exception
2021-07-01 03:14:35 [http-nio-8081-exec-8] INFO  com.api1.service.ProductServiceImpl -
				Called deleteProduct service
2021-07-01 03:14:35 [http-nio-8081-exec-8] INFO  com.api1.service.ProductServiceImpl -
				Product is Deleted
2021-07-01 03:14:35 [http-nio-8081-exec-8] INFO  com.api1.service.ProductServiceImpl -
				Exited deleteProduct service
2021-07-01 03:14:50 [http-nio-8081-exec-7] INFO  com.api1.service.ProductServiceImpl -
				Called getProductById service
2021-07-01 03:14:50 [http-nio-8081-exec-7] INFO  com.api1.service.ProductServiceImpl -
				Throwed Product Not Found Exception
2021-07-01 03:42:12 [http-nio-8081-exec-2] INFO  com.api1.service.ProductServiceImpl -
				Called getProductById service
2021-07-01 03:42:12 [http-nio-8081-exec-2] INFO  com.api1.service.ProductServiceImpl -
				Product was found
2021-07-01 03:42:12 [http-nio-8081-exec-2] INFO  com.api1.service.ProductServiceImpl -
				Exited getProductById service
2021-07-01 03:46:20 [http-nio-8081-exec-6] INFO  com.api1.service.ProductServiceImpl -
				Called getProductById service
2021-07-01 03:46:20 [http-nio-8081-exec-6] INFO  com.api1.service.ProductServiceImpl -
				Product was found
2021-07-01 03:46:20 [http-nio-8081-exec-6] INFO  com.api1.service.ProductServiceImpl -
				Exited getProductById service
2021-07-01 05:16:45 [RMI TCP Connection(136)-127.0.0.1] INFO  o.s.b.a.SpringApplicationAdminMXBeanRegistrar$SpringApplicationAdmin -
				Application shutdown requested.
