2021-07-01 02:58:46 [background-preinit] INFO  o.h.validator.internal.util.Version -
				HV000001: Hibernate Validator 6.2.0.Final
2021-07-01 02:58:46 [main] INFO  com.api1.Api1Application -
				Starting Api1Application using Java 15.0.2 on LAPTOP-CHS72T9T with PID 1860 (C:\Users\Mridula\Desktop\api1\target\classes started by Mridula in C:\Users\Mridula\Desktop\api1)
2021-07-01 02:58:46 [main] INFO  com.api1.Api1Application -
				No active profile set, falling back to default profiles: default
2021-07-01 02:58:48 [main] INFO  o.s.b.w.e.tomcat.TomcatWebServer -
				Tomcat initialized with port(s): 8081 (http)
2021-07-01 02:58:48 [main] INFO  o.a.coyote.http11.Http11NioProtocol -
				Initializing ProtocolHandler ["http-nio-8081"]
2021-07-01 02:58:48 [main] INFO  o.a.catalina.core.StandardService -
				Starting service [Tomcat]
2021-07-01 02:58:48 [main] INFO  o.a.catalina.core.StandardEngine -
				Starting Servlet engine: [Apache Tomcat/9.0.46]
2021-07-01 02:58:48 [main] INFO  o.a.c.c.C.[Tomcat].[localhost].[/] -
				Initializing Spring embedded WebApplicationContext
2021-07-01 02:58:48 [main] INFO  o.s.b.w.s.c.ServletWebServerApplicationContext -
				Root WebApplicationContext: initialization completed in 2480 ms
2021-07-01 02:58:50 [main] INFO  s.d.s.w.PropertySourcedRequestMappingHandlerMapping -
				Mapped URL path [/v2/api-docs] onto method [springfox.documentation.swagger2.web.Swagger2Controller#getDocumentation(String, HttpServletRequest)]
2021-07-01 02:58:51 [main] INFO  o.a.coyote.http11.Http11NioProtocol -
				Starting ProtocolHandler ["http-nio-8081"]
2021-07-01 02:58:51 [main] WARN  o.s.b.w.s.c.AnnotationConfigServletWebServerApplicationContext -
				Exception encountered during context initialization - cancelling refresh attempt: org.springframework.context.ApplicationContextException: Failed to start bean 'webServerStartStop'; nested exception is org.springframework.boot.web.server.PortInUseException: Port 8081 is already in use
2021-07-01 02:58:53 [main] INFO  o.a.coyote.http11.Http11NioProtocol -
				Pausing ProtocolHandler ["http-nio-8081"]
2021-07-01 02:58:53 [main] INFO  o.a.catalina.core.StandardService -
				Stopping service [Tomcat]
2021-07-01 02:58:53 [main] INFO  o.a.coyote.http11.Http11NioProtocol -
				Stopping ProtocolHandler ["http-nio-8081"]
2021-07-01 02:58:53 [main] INFO  o.a.coyote.http11.Http11NioProtocol -
				Destroying ProtocolHandler ["http-nio-8081"]
2021-07-01 02:58:53 [main] INFO  o.s.b.a.l.ConditionEvaluationReportLoggingListener -
				

Error starting ApplicationContext. To display the conditions report re-run your application with 'debug' enabled.
2021-07-01 02:58:53 [main] ERROR o.s.b.d.LoggingFailureAnalysisReporter -
				

***************************
APPLICATION FAILED TO START
***************************

Description:

Web server failed to start. Port 8081 was already in use.

Action:

Identify and stop the process that's listening on port 8081 or configure this application to listen on another port.

